Base path: 'C:/Program Files/Unity/Hub/Editor/2019.4.14f1/Editor/Data', plugins path 'C:/Program Files/Unity/Hub/Editor/2019.4.14f1/Editor/Data/PlaybackEngines'
Cmd: initializeCompiler
Cmd: compileComputeKernel
  api=4 insize=958 outsize=1465 ok=1
Cmd: compileComputeKernel
  api=4 insize=759 outsize=759 ok=1
Cmd: compileComputeKernel
  api=4 insize=759 outsize=805 ok=1
Cmd: compileComputeKernel
  api=4 insize=3405 outsize=35766 ok=1
Cmd: compileComputeKernel
  api=4 insize=13751 outsize=1099 ok=1
Cmd: compileComputeKernel
  api=4 insize=13751 outsize=1931 ok=1
Cmd: compileComputeKernel
  api=4 insize=20570 outsize=14180 ok=1
Cmd: compileComputeKernel
  api=4 insize=82071 outsize=1532 ok=1
Cmd: compileComputeKernel
  api=4 insize=82071 outsize=1579 ok=1
Cmd: compileComputeKernel
  api=4 insize=82071 outsize=5212 ok=1
Cmd: compileComputeKernel
  api=4 insize=82071 outsize=1407 ok=1
Cmd: compileComputeKernel
  api=4 insize=82071 outsize=4086 ok=1
Cmd: compileComputeKernel
  api=4 insize=82071 outsize=1843 ok=1
Cmd: compileComputeKernel
  api=4 insize=82071 outsize=3608 ok=1
Cmd: compileComputeKernel
  api=4 insize=82071 outsize=4872 ok=1
Cmd: compileComputeKernel
  api=4 insize=82071 outsize=3485 ok=1
Cmd: compileComputeKernel
  api=4 insize=82071 outsize=3468 ok=1
Cmd: compileComputeKernel
  api=4 insize=82071 outsize=3475 ok=1
Cmd: compileComputeKernel
  api=4 insize=82071 outsize=5039 ok=1
Cmd: compileComputeKernel
  api=4 insize=82071 outsize=5073 ok=1
Cmd: compileComputeKernel
  api=4 insize=82071 outsize=3460 ok=1
Cmd: compileComputeKernel
  api=4 insize=82071 outsize=3309 ok=1
Cmd: compileComputeKernel
  api=4 insize=82071 outsize=3310 ok=1
Cmd: compileComputeKernel
  api=4 insize=82071 outsize=3638 ok=1
Cmd: compileComputeKernel
  api=4 insize=467 outsize=5893 ok=1
Cmd: compileComputeKernel
  api=4 insize=11929 outsize=2891 ok=1
Cmd: compileComputeKernel
  api=4 insize=4458 outsize=2265 ok=1
Cmd: compileComputeKernel
  api=4 insize=76455 outsize=7768 ok=1
Cmd: compileComputeKernel
  api=4 insize=13363 outsize=11042 ok=1
Cmd: compileComputeKernel
  api=4 insize=958 outsize=1465 ok=1
Cmd: compileComputeKernel
  api=4 insize=3167 outsize=2302 ok=1
Cmd: compileComputeKernel
  api=4 insize=10641 outsize=769 ok=1
Cmd: compileComputeKernel
  api=4 insize=10641 outsize=1032 ok=1
Cmd: compileComputeKernel
  api=4 insize=10641 outsize=701 ok=1
Cmd: compileComputeKernel
  api=4 insize=10641 outsize=857 ok=1
Cmd: compileComputeKernel
  api=4 insize=10641 outsize=1113 ok=1
Cmd: compileComputeKernel
  api=4 insize=10641 outsize=1363 ok=1
Cmd: compileComputeKernel
  api=4 insize=10641 outsize=1248 ok=1
Cmd: compileComputeKernel
  api=4 insize=10641 outsize=1843 ok=1
Cmd: compileComputeKernel
  api=4 insize=10641 outsize=1397 ok=1
Cmd: compileComputeKernel
  api=4 insize=10641 outsize=1765 ok=1
Cmd: compileComputeKernel
  api=4 insize=10641 outsize=1224 ok=1
Cmd: compileComputeKernel
  api=4 insize=10641 outsize=1319 ok=1
Cmd: compileComputeKernel
  api=4 insize=4442 outsize=1449 ok=1

Quitting shader compiler process
