Base path: 'C:/Program Files/Unity/Hub/Editor/2019.4.14f1/Editor/Data', plugins path 'C:/Program Files/Unity/Hub/Editor/2019.4.14f1/Editor/Data/PlaybackEngines'
Cmd: initializeCompiler
Cmd: compileComputeKernel
  api=4 insize=958 outsize=1465 ok=1
Cmd: compileComputeKernel
  api=4 insize=222 outsize=775 ok=1
Cmd: compileComputeKernel
  api=4 insize=759 outsize=682 ok=1
Cmd: compileComputeKernel
  api=4 insize=759 outsize=753 ok=1
Cmd: compileComputeKernel
  api=4 insize=3405 outsize=30674 ok=1
Cmd: compileComputeKernel
  api=4 insize=13751 outsize=1971 ok=1
Cmd: compileComputeKernel
  api=4 insize=13751 outsize=1916 ok=1
Cmd: compileComputeKernel
  api=4 insize=20570 outsize=43753 ok=1
Cmd: compileComputeKernel
  api=4 insize=82071 outsize=1686 ok=1
Cmd: compileComputeKernel
  api=4 insize=82071 outsize=3099 ok=1
Cmd: compileComputeKernel
  api=4 insize=82071 outsize=1489 ok=1
Cmd: compileComputeKernel
  api=4 insize=82071 outsize=1689 ok=1
Cmd: compileComputeKernel
  api=4 insize=82071 outsize=1667 ok=1
Cmd: compileComputeKernel
  api=4 insize=82071 outsize=3375 ok=1
Cmd: compileComputeKernel
  api=4 insize=82071 outsize=3457 ok=1
Cmd: compileComputeKernel
  api=4 insize=82071 outsize=3553 ok=1
Cmd: compileComputeKernel
  api=4 insize=82071 outsize=3372 ok=1
Cmd: compileComputeKernel
  api=4 insize=82071 outsize=3916 ok=1
Cmd: compileComputeKernel
  api=4 insize=82071 outsize=3407 ok=1
Cmd: compileComputeKernel
  api=4 insize=82071 outsize=5039 ok=1
Cmd: compileComputeKernel
  api=4 insize=82071 outsize=5071 ok=1
Cmd: compileComputeKernel
  api=4 insize=82071 outsize=5218 ok=1
Cmd: compileComputeKernel
  api=4 insize=82071 outsize=3554 ok=1
Cmd: compileComputeKernel
  api=4 insize=82071 outsize=2210 ok=1
Cmd: compileComputeKernel
  api=4 insize=82071 outsize=7097 ok=1
Cmd: compileComputeKernel
  api=4 insize=11929 outsize=2339 ok=1
Cmd: compileComputeKernel
  api=4 insize=11929 outsize=2376 ok=1
Cmd: compileComputeKernel
  api=4 insize=76455 outsize=5741 ok=1
Cmd: compileComputeKernel
  api=4 insize=958 outsize=1497 ok=1
Cmd: compileComputeKernel
  api=4 insize=958 outsize=1528 ok=1
Cmd: compileComputeKernel
  api=4 insize=10641 outsize=677 ok=1
Cmd: compileComputeKernel
  api=4 insize=10641 outsize=937 ok=1
Cmd: compileComputeKernel
  api=4 insize=10641 outsize=950 ok=1
Cmd: compileComputeKernel
  api=4 insize=10641 outsize=857 ok=1
Cmd: compileComputeKernel
  api=4 insize=10641 outsize=847 ok=1
Cmd: compileComputeKernel
  api=4 insize=10641 outsize=772 ok=1
Cmd: compileComputeKernel
  api=4 insize=10641 outsize=846 ok=1
Cmd: compileComputeKernel
  api=4 insize=10641 outsize=1298 ok=1
Cmd: compileComputeKernel
  api=4 insize=10641 outsize=1497 ok=1
Cmd: compileComputeKernel
  api=4 insize=10641 outsize=1340 ok=1
Cmd: compileComputeKernel
  api=4 insize=10641 outsize=1311 ok=1
Cmd: compileComputeKernel
  api=4 insize=10641 outsize=1369 ok=1
Cmd: compileComputeKernel
  api=4 insize=10641 outsize=1324 ok=1
Cmd: compileComputeKernel
  api=4 insize=10641 outsize=1374 ok=1
Cmd: compileComputeKernel
  api=4 insize=10641 outsize=1287 ok=1
Cmd: compileComputeKernel
  api=4 insize=10641 outsize=1384 ok=1

Quitting shader compiler process
