Base path: 'C:/Program Files/Unity/Hub/Editor/2019.4.14f1/Editor/Data', plugins path 'C:/Program Files/Unity/Hub/Editor/2019.4.14f1/Editor/Data/PlaybackEngines'
Cmd: initializeCompiler
Cmd: compileComputeKernel
  api=4 insize=775 outsize=11445 ok=1
Cmd: compileComputeKernel
  api=4 insize=958 outsize=1469 ok=1
Cmd: compileComputeKernel
  api=4 insize=958 outsize=1611 ok=1
Cmd: compileComputeKernel
  api=4 insize=222 outsize=769 ok=1
Cmd: compileComputeKernel
  api=4 insize=759 outsize=806 ok=1
Cmd: compileComputeKernel
  api=4 insize=759 outsize=1134 ok=1
Cmd: compileComputeKernel
  api=4 insize=3405 outsize=22181 ok=1
Cmd: compileComputeKernel
  api=4 insize=13751 outsize=1027 ok=1
Cmd: compileComputeKernel
  api=4 insize=13751 outsize=2631 ok=1
Cmd: compileComputeKernel
  api=4 insize=82071 outsize=10967 ok=1
Cmd: compileComputeKernel
  api=4 insize=82071 outsize=3375 ok=1
Cmd: compileComputeKernel
  api=4 insize=82071 outsize=1843 ok=1
Cmd: compileComputeKernel
  api=4 insize=82071 outsize=3471 ok=1
Cmd: compileComputeKernel
  api=4 insize=82071 outsize=3399 ok=1
Cmd: compileComputeKernel
  api=4 insize=82071 outsize=3485 ok=1
Cmd: compileComputeKernel
  api=4 insize=82071 outsize=3468 ok=1
Cmd: compileComputeKernel
  api=4 insize=82071 outsize=1364 ok=1
Cmd: compileComputeKernel
  api=4 insize=82071 outsize=5039 ok=1
Cmd: compileComputeKernel
  api=4 insize=82071 outsize=5194 ok=1
Cmd: compileComputeKernel
  api=4 insize=82071 outsize=5217 ok=1
Cmd: compileComputeKernel
  api=4 insize=82071 outsize=3554 ok=1
Cmd: compileComputeKernel
  api=4 insize=82071 outsize=1449 ok=1
Cmd: compileComputeKernel
  api=4 insize=82071 outsize=7449 ok=1
Cmd: compileComputeKernel
  api=4 insize=11929 outsize=2884 ok=1
Cmd: compileComputeKernel
  api=4 insize=18478 outsize=13985 ok=1
Cmd: compileComputeKernel
  api=4 insize=76455 outsize=1071 ok=1
Cmd: compileComputeKernel
  api=4 insize=467 outsize=5633 ok=1
Cmd: compileComputeKernel
  api=4 insize=958 outsize=1502 ok=1
Cmd: compileComputeKernel
  api=4 insize=958 outsize=1616 ok=1
Cmd: compileComputeKernel
  api=4 insize=776 outsize=10704 ok=1
Cmd: compileComputeKernel
  api=4 insize=10641 outsize=675 ok=1
Cmd: compileComputeKernel
  api=4 insize=10641 outsize=675 ok=1
Cmd: compileComputeKernel
  api=4 insize=10641 outsize=796 ok=1
Cmd: compileComputeKernel
  api=4 insize=10641 outsize=782 ok=1
Cmd: compileComputeKernel
  api=4 insize=10641 outsize=804 ok=1
Cmd: compileComputeKernel
  api=4 insize=10641 outsize=1796 ok=1
Cmd: compileComputeKernel
  api=4 insize=10641 outsize=1369 ok=1
Cmd: compileComputeKernel
  api=4 insize=10641 outsize=1442 ok=1
Cmd: compileComputeKernel
  api=4 insize=10641 outsize=1311 ok=1
Cmd: compileComputeKernel
  api=4 insize=10641 outsize=1830 ok=1
Cmd: compileComputeKernel
  api=4 insize=10641 outsize=1334 ok=1
Cmd: compileComputeKernel
  api=4 insize=10641 outsize=1828 ok=1
Cmd: compileComputeKernel
  api=4 insize=10641 outsize=1380 ok=1
Cmd: compileComputeKernel
  api=4 insize=10641 outsize=1319 ok=1

Quitting shader compiler process
