Base path: 'C:/Program Files/Unity/Hub/Editor/2019.4.14f1/Editor/Data', plugins path 'C:/Program Files/Unity/Hub/Editor/2019.4.14f1/Editor/Data/PlaybackEngines'
Cmd: initializeCompiler
Cmd: initializeCompiler
Cmd: preprocessCompute
  insize=763 outsize=775 ok=1
Cmd: compileComputeKernel
  api=4 insize=775 outsize=6812 ok=1
Cmd: preprocessCompute
  insize=924 outsize=958 ok=1
Cmd: compileComputeKernel
  api=4 insize=958 outsize=1502 ok=1
Cmd: compileComputeKernel
  api=4 insize=958 outsize=1528 ok=1
Cmd: preprocessCompute
  insize=2839 outsize=2847 ok=1
Cmd: preprocessCompute
  insize=210 outsize=222 ok=1
Cmd: compileComputeKernel
  api=4 insize=222 outsize=628 ok=1
Cmd: preprocessCompute
  insize=713 outsize=759 ok=1
Cmd: compileComputeKernel
  api=4 insize=759 outsize=854 ok=1
Cmd: preprocessCompute
  insize=3365 outsize=3405 ok=1
Cmd: compileComputeKernel
  api=4 insize=3405 outsize=3084 ok=1
Cmd: compileComputeKernel
  api=4 insize=3405 outsize=3725 ok=1
Cmd: compileComputeKernel
  api=4 insize=3405 outsize=1572 ok=1
Cmd: compileComputeKernel
  api=4 insize=3405 outsize=1905 ok=1
Cmd: compileComputeKernel
  api=4 insize=3405 outsize=15720 ok=1
Cmd: preprocessCompute
  insize=13703 outsize=13751 ok=1
Cmd: compileComputeKernel
  api=4 insize=13751 outsize=1558 ok=1
Cmd: compileComputeKernel
  api=4 insize=13751 outsize=1585 ok=1
Cmd: preprocessCompute
  insize=20558 outsize=20570 ok=1
Cmd: compileComputeKernel
  api=4 insize=20570 outsize=14148 ok=1
Cmd: preprocessCompute
  insize=81665 outsize=82071 ok=1
Cmd: compileComputeKernel
  api=4 insize=82071 outsize=10239 ok=1
Cmd: compileComputeKernel
  api=4 insize=82071 outsize=3375 ok=1
Cmd: compileComputeKernel
  api=4 insize=82071 outsize=3398 ok=1
Cmd: compileComputeKernel
  api=4 insize=82071 outsize=3409 ok=1
Cmd: compileComputeKernel
  api=4 insize=82071 outsize=3399 ok=1
Cmd: compileComputeKernel
  api=4 insize=82071 outsize=3716 ok=1
Cmd: compileComputeKernel
  api=4 insize=82071 outsize=3472 ok=1
Cmd: compileComputeKernel
  api=4 insize=82071 outsize=4419 ok=1
Cmd: compileComputeKernel
  api=4 insize=82071 outsize=5039 ok=1
Cmd: compileComputeKernel
  api=4 insize=82071 outsize=5073 ok=1
Cmd: compileComputeKernel
  api=4 insize=82071 outsize=3460 ok=1
Cmd: compileComputeKernel
  api=4 insize=82071 outsize=3429 ok=1
Cmd: compileComputeKernel
  api=4 insize=82071 outsize=1750 ok=1
Cmd: compileComputeKernel
  api=4 insize=82071 outsize=1927 ok=1
Cmd: preprocessCompute
  insize=451 outsize=467 ok=1
Cmd: compileComputeKernel
  api=4 insize=467 outsize=3159 ok=1
Cmd: preprocessCompute
  insize=11889 outsize=11929 ok=1
Cmd: compileComputeKernel
  api=4 insize=11929 outsize=2916 ok=1
Cmd: compileComputeKernel
  api=4 insize=11929 outsize=2892 ok=1
Cmd: preprocessCompute
  insize=4446 outsize=4458 ok=1
Cmd: compileComputeKernel
  api=4 insize=4458 outsize=3004 ok=1
Cmd: preprocessCompute
  insize=18466 outsize=18478 ok=1
Cmd: compileComputeKernel
  api=4 insize=18478 outsize=7656 ok=1
Cmd: preprocessCompute
  insize=76435 outsize=76455 ok=1
Cmd: compileComputeKernel
  api=4 insize=76455 outsize=11599 ok=1
Cmd: preprocessCompute
  insize=451 outsize=467 ok=1
Cmd: compileComputeKernel
  api=4 insize=467 outsize=2137 ok=1
Cmd: preprocessCompute
  insize=13347 outsize=13363 ok=1
Cmd: compileComputeKernel
  api=4 insize=13363 outsize=11359 ok=1
Cmd: preprocessCompute
  insize=924 outsize=958 ok=1
Cmd: compileComputeKernel
  api=4 insize=958 outsize=1465 ok=1
Cmd: compileComputeKernel
  api=4 insize=958 outsize=1611 ok=1
Cmd: preprocessCompute
  insize=3157 outsize=3167 ok=1
Cmd: compileComputeKernel
  api=4 insize=3167 outsize=2266 ok=1
Cmd: preprocessCompute
  insize=764 outsize=776 ok=1
Cmd: compileComputeKernel
  api=4 insize=776 outsize=2787 ok=1
Cmd: preprocessCompute
  insize=10283 outsize=10641 ok=1
Cmd: compileComputeKernel
  api=4 insize=10641 outsize=623 ok=1
Cmd: compileComputeKernel
  api=4 insize=10641 outsize=1157 ok=1
Cmd: compileComputeKernel
  api=4 insize=10641 outsize=716 ok=1
Cmd: compileComputeKernel
  api=4 insize=10641 outsize=787 ok=1
Cmd: compileComputeKernel
  api=4 insize=10641 outsize=791 ok=1
Cmd: compileComputeKernel
  api=4 insize=10641 outsize=877 ok=1
Cmd: compileComputeKernel
  api=4 insize=10641 outsize=1292 ok=1
Cmd: compileComputeKernel
  api=4 insize=10641 outsize=1520 ok=1
Cmd: compileComputeKernel
  api=4 insize=10641 outsize=1329 ok=1
Cmd: compileComputeKernel
  api=4 insize=10641 outsize=1296 ok=1
Cmd: compileComputeKernel
  api=4 insize=10641 outsize=1284 ok=1
Cmd: compileComputeKernel
  api=4 insize=10641 outsize=1573 ok=1
Cmd: compileComputeKernel
  api=4 insize=10641 outsize=1397 ok=1
Cmd: compileComputeKernel
  api=4 insize=10641 outsize=1380 ok=1
Cmd: preprocessCompute
  insize=4426 outsize=4442 ok=1
Cmd: compileComputeKernel
  api=4 insize=4442 outsize=1449 ok=1
Cmd: preprocessCompute
  insize=1896 outsize=1900 ok=1
Cmd: compileComputeKernel
  api=4 insize=1900 outsize=3122 ok=1

Quitting shader compiler process
