Base path: 'C:/Program Files/Unity/Hub/Editor/2019.4.14f1/Editor/Data', plugins path 'C:/Program Files/Unity/Hub/Editor/2019.4.14f1/Editor/Data/PlaybackEngines'
Cmd: initializeCompiler
Cmd: compileComputeKernel
  api=4 insize=958 outsize=1465 ok=1
Cmd: compileComputeKernel
  api=4 insize=222 outsize=680 ok=1
Cmd: compileComputeKernel
  api=4 insize=759 outsize=695 ok=1
Cmd: compileComputeKernel
  api=4 insize=759 outsize=749 ok=1
Cmd: compileComputeKernel
  api=4 insize=3405 outsize=3084 ok=1
Cmd: compileComputeKernel
  api=4 insize=3405 outsize=3725 ok=1
Cmd: compileComputeKernel
  api=4 insize=3405 outsize=1969 ok=1
Cmd: compileComputeKernel
  api=4 insize=3405 outsize=5359 ok=1
Cmd: compileComputeKernel
  api=4 insize=3405 outsize=15993 ok=1
Cmd: compileComputeKernel
  api=4 insize=13751 outsize=1126 ok=1
Cmd: compileComputeKernel
  api=4 insize=13751 outsize=1579 ok=1
Cmd: compileComputeKernel
  api=4 insize=82071 outsize=2850 ok=1
Cmd: compileComputeKernel
  api=4 insize=82071 outsize=2479 ok=1
Cmd: compileComputeKernel
  api=4 insize=82071 outsize=1489 ok=1
Cmd: compileComputeKernel
  api=4 insize=82071 outsize=2041 ok=1
Cmd: compileComputeKernel
  api=4 insize=82071 outsize=3685 ok=1
Cmd: compileComputeKernel
  api=4 insize=82071 outsize=3372 ok=1
Cmd: compileComputeKernel
  api=4 insize=82071 outsize=1894 ok=1
Cmd: compileComputeKernel
  api=4 insize=82071 outsize=3447 ok=1
Cmd: compileComputeKernel
  api=4 insize=82071 outsize=3865 ok=1
Cmd: compileComputeKernel
  api=4 insize=82071 outsize=3489 ok=1
Cmd: compileComputeKernel
  api=4 insize=82071 outsize=3407 ok=1
Cmd: compileComputeKernel
  api=4 insize=82071 outsize=5039 ok=1
Cmd: compileComputeKernel
  api=4 insize=82071 outsize=5071 ok=1
Cmd: compileComputeKernel
  api=4 insize=82071 outsize=5218 ok=1
Cmd: compileComputeKernel
  api=4 insize=82071 outsize=3429 ok=1
Cmd: compileComputeKernel
  api=4 insize=82071 outsize=1449 ok=1
Cmd: compileComputeKernel
  api=4 insize=82071 outsize=3761 ok=1
Cmd: compileComputeKernel
  api=4 insize=467 outsize=5733 ok=1
Cmd: compileComputeKernel
  api=4 insize=11929 outsize=2375 ok=1
Cmd: compileComputeKernel
  api=4 insize=11929 outsize=2340 ok=1
Cmd: compileComputeKernel
  api=4 insize=11929 outsize=2275 ok=1
Cmd: compileComputeKernel
  api=4 insize=4458 outsize=3836 ok=1
Cmd: compileComputeKernel
  api=4 insize=76455 outsize=5015 ok=1
Cmd: compileComputeKernel
  api=4 insize=467 outsize=3140 ok=1
Cmd: compileComputeKernel
  api=4 insize=958 outsize=1465 ok=1
Cmd: compileComputeKernel
  api=4 insize=958 outsize=1495 ok=1
Cmd: compileComputeKernel
  api=4 insize=776 outsize=6364 ok=1
Cmd: compileComputeKernel
  api=4 insize=10641 outsize=629 ok=1
Cmd: compileComputeKernel
  api=4 insize=10641 outsize=623 ok=1
Cmd: compileComputeKernel
  api=4 insize=10641 outsize=677 ok=1
Cmd: compileComputeKernel
  api=4 insize=10641 outsize=700 ok=1
Cmd: compileComputeKernel
  api=4 insize=10641 outsize=882 ok=1
Cmd: compileComputeKernel
  api=4 insize=10641 outsize=855 ok=1
Cmd: compileComputeKernel
  api=4 insize=10641 outsize=693 ok=1
Cmd: compileComputeKernel
  api=4 insize=10641 outsize=1796 ok=1
Cmd: compileComputeKernel
  api=4 insize=10641 outsize=1346 ok=1
Cmd: compileComputeKernel
  api=4 insize=10641 outsize=1465 ok=1
Cmd: compileComputeKernel
  api=4 insize=10641 outsize=1311 ok=1
Cmd: compileComputeKernel
  api=4 insize=10641 outsize=1830 ok=1
Cmd: compileComputeKernel
  api=4 insize=10641 outsize=1397 ok=1
Cmd: compileComputeKernel
  api=4 insize=10641 outsize=1805 ok=1
Cmd: compileComputeKernel
  api=4 insize=10641 outsize=1357 ok=1
Cmd: compileComputeKernel
  api=4 insize=10641 outsize=1296 ok=1
Cmd: compileComputeKernel
  api=4 insize=4442 outsize=1590 ok=1

Quitting shader compiler process
