Base path: 'C:/Program Files/Unity/Hub/Editor/2019.4.14f1/Editor/Data', plugins path 'C:/Program Files/Unity/Hub/Editor/2019.4.14f1/Editor/Data/PlaybackEngines'
Cmd: initializeCompiler
Cmd: initializeCompiler
Cmd: compileComputeKernel
  api=4 insize=958 outsize=1494 ok=1
Cmd: compileComputeKernel
  api=4 insize=958 outsize=1616 ok=1
Cmd: compileComputeKernel
  api=4 insize=759 outsize=777 ok=1
Cmd: compileComputeKernel
  api=4 insize=759 outsize=848 ok=1
Cmd: compileComputeKernel
  api=4 insize=3405 outsize=25006 ok=1
Cmd: compileComputeKernel
  api=4 insize=13751 outsize=1840 ok=1
Cmd: compileComputeKernel
  api=4 insize=13751 outsize=2218 ok=1
Cmd: compileComputeKernel
  api=4 insize=82071 outsize=2795 ok=1
Cmd: compileComputeKernel
  api=4 insize=82071 outsize=2187 ok=1
Cmd: compileComputeKernel
  api=4 insize=82071 outsize=1634 ok=1
Cmd: compileComputeKernel
  api=4 insize=82071 outsize=1461 ok=1
Cmd: compileComputeKernel
  api=4 insize=82071 outsize=1495 ok=1
Cmd: compileComputeKernel
  api=4 insize=82071 outsize=3412 ok=1
Cmd: compileComputeKernel
  api=4 insize=82071 outsize=3373 ok=1
Cmd: compileComputeKernel
  api=4 insize=82071 outsize=3471 ok=1
Cmd: compileComputeKernel
  api=4 insize=82071 outsize=3635 ok=1
Cmd: compileComputeKernel
  api=4 insize=82071 outsize=3485 ok=1
Cmd: compileComputeKernel
  api=4 insize=82071 outsize=3375 ok=1
Cmd: compileComputeKernel
  api=4 insize=82071 outsize=1549 ok=1
Cmd: compileComputeKernel
  api=4 insize=82071 outsize=5039 ok=1
Cmd: compileComputeKernel
  api=4 insize=82071 outsize=5194 ok=1
Cmd: compileComputeKernel
  api=4 insize=82071 outsize=5217 ok=1
Cmd: compileComputeKernel
  api=4 insize=82071 outsize=3574 ok=1
Cmd: compileComputeKernel
  api=4 insize=82071 outsize=3430 ok=1
Cmd: compileComputeKernel
  api=4 insize=82071 outsize=923 ok=1
Cmd: compileComputeKernel
  api=4 insize=82071 outsize=4571 ok=1
Cmd: compileComputeKernel
  api=4 insize=467 outsize=2213 ok=1
Cmd: compileComputeKernel
  api=4 insize=11929 outsize=2916 ok=1
Cmd: compileComputeKernel
  api=4 insize=18478 outsize=14017 ok=1
Cmd: compileComputeKernel
  api=4 insize=76455 outsize=5651 ok=1
Cmd: compileComputeKernel
  api=4 insize=467 outsize=3147 ok=1
Cmd: compileComputeKernel
  api=4 insize=13363 outsize=3683 ok=1
Cmd: compileComputeKernel
  api=4 insize=958 outsize=1620 ok=1
Cmd: compileComputeKernel
  api=4 insize=3167 outsize=1927 ok=1
Cmd: compileComputeKernel
  api=4 insize=10641 outsize=772 ok=1
Cmd: compileComputeKernel
  api=4 insize=10641 outsize=855 ok=1
Cmd: compileComputeKernel
  api=4 insize=10641 outsize=759 ok=1
Cmd: compileComputeKernel
  api=4 insize=10641 outsize=1246 ok=1
Cmd: compileComputeKernel
  api=4 insize=10641 outsize=1218 ok=1
Cmd: compileComputeKernel
  api=4 insize=10641 outsize=677 ok=1
Cmd: compileComputeKernel
  api=4 insize=10641 outsize=1269 ok=1
Cmd: compileComputeKernel
  api=4 insize=10641 outsize=1547 ok=1
Cmd: compileComputeKernel
  api=4 insize=10641 outsize=1392 ok=1
Cmd: compileComputeKernel
  api=4 insize=10641 outsize=1336 ok=1
Cmd: compileComputeKernel
  api=4 insize=10641 outsize=1284 ok=1
Cmd: compileComputeKernel
  api=4 insize=10641 outsize=1387 ok=1
Cmd: compileComputeKernel
  api=4 insize=10641 outsize=1628 ok=1
Cmd: compileComputeKernel
  api=4 insize=10641 outsize=1401 ok=1
Cmd: compileComputeKernel
  api=4 insize=10641 outsize=1264 ok=1
Cmd: compileComputeKernel
  api=4 insize=4442 outsize=1684 ok=1

Quitting shader compiler process
