Base path: 'C:/Program Files/Unity/Hub/Editor/2019.4.14f1/Editor/Data', plugins path 'C:/Program Files/Unity/Hub/Editor/2019.4.14f1/Editor/Data/PlaybackEngines'
Cmd: initializeCompiler
Cmd: compileComputeKernel
  api=4 insize=775 outsize=12420 ok=1
Cmd: compileComputeKernel
  api=4 insize=958 outsize=1465 ok=1
Cmd: compileComputeKernel
  api=4 insize=958 outsize=1495 ok=1
Cmd: compileComputeKernel
  api=4 insize=2847 outsize=3574 ok=1
Cmd: compileComputeKernel
  api=4 insize=759 outsize=791 ok=1
Cmd: compileComputeKernel
  api=4 insize=759 outsize=872 ok=1
Cmd: compileComputeKernel
  api=4 insize=3405 outsize=35257 ok=1
Cmd: compileComputeKernel
  api=4 insize=13751 outsize=1046 ok=1
Cmd: compileComputeKernel
  api=4 insize=13751 outsize=1579 ok=1
Cmd: compileComputeKernel
  api=4 insize=20570 outsize=13884 ok=1
Cmd: compileComputeKernel
  api=4 insize=82071 outsize=2922 ok=1
Cmd: compileComputeKernel
  api=4 insize=82071 outsize=2631 ok=1
Cmd: compileComputeKernel
  api=4 insize=82071 outsize=2634 ok=1
Cmd: compileComputeKernel
  api=4 insize=82071 outsize=2241 ok=1
Cmd: compileComputeKernel
  api=4 insize=82071 outsize=4086 ok=1
Cmd: compileComputeKernel
  api=4 insize=82071 outsize=3398 ok=1
Cmd: compileComputeKernel
  api=4 insize=82071 outsize=3409 ok=1
Cmd: compileComputeKernel
  api=4 insize=82071 outsize=3399 ok=1
Cmd: compileComputeKernel
  api=4 insize=82071 outsize=3485 ok=1
Cmd: compileComputeKernel
  api=4 insize=82071 outsize=3375 ok=1
Cmd: compileComputeKernel
  api=4 insize=82071 outsize=1580 ok=1
Cmd: compileComputeKernel
  api=4 insize=82071 outsize=5039 ok=1
Cmd: compileComputeKernel
  api=4 insize=82071 outsize=5039 ok=1
Cmd: compileComputeKernel
  api=4 insize=82071 outsize=5069 ok=1
Cmd: compileComputeKernel
  api=4 insize=82071 outsize=6504 ok=1
Cmd: compileComputeKernel
  api=4 insize=82071 outsize=3482 ok=1
Cmd: compileComputeKernel
  api=4 insize=82071 outsize=2266 ok=1
Cmd: compileComputeKernel
  api=4 insize=82071 outsize=1358 ok=1
Cmd: compileComputeKernel
  api=4 insize=467 outsize=3291 ok=1
Cmd: compileComputeKernel
  api=4 insize=11929 outsize=2274 ok=1
Cmd: compileComputeKernel
  api=4 insize=11929 outsize=2884 ok=1
Cmd: compileComputeKernel
  api=4 insize=18478 outsize=43064 ok=1
Cmd: compileComputeKernel
  api=4 insize=467 outsize=3087 ok=1
Cmd: compileComputeKernel
  api=4 insize=13363 outsize=10970 ok=1
Cmd: compileComputeKernel
  api=4 insize=958 outsize=1465 ok=1
Cmd: compileComputeKernel
  api=4 insize=3167 outsize=923 ok=1
Cmd: compileComputeKernel
  api=4 insize=10641 outsize=674 ok=1
Cmd: compileComputeKernel
  api=4 insize=10641 outsize=1023 ok=1
Cmd: compileComputeKernel
  api=4 insize=10641 outsize=854 ok=1
Cmd: compileComputeKernel
  api=4 insize=10641 outsize=847 ok=1
Cmd: compileComputeKernel
  api=4 insize=10641 outsize=1313 ok=1
Cmd: compileComputeKernel
  api=4 insize=10641 outsize=629 ok=1
Cmd: compileComputeKernel
  api=4 insize=10641 outsize=1229 ok=1
Cmd: compileComputeKernel
  api=4 insize=10641 outsize=1547 ok=1
Cmd: compileComputeKernel
  api=4 insize=10641 outsize=1392 ok=1
Cmd: compileComputeKernel
  api=4 insize=10641 outsize=1359 ok=1
Cmd: compileComputeKernel
  api=4 insize=10641 outsize=1221 ok=1
Cmd: compileComputeKernel
  api=4 insize=10641 outsize=1364 ok=1
Cmd: compileComputeKernel
  api=4 insize=10641 outsize=1628 ok=1
Cmd: compileComputeKernel
  api=4 insize=10641 outsize=1338 ok=1
Cmd: compileComputeKernel
  api=4 insize=10641 outsize=1224 ok=1
Cmd: compileComputeKernel
  api=4 insize=4442 outsize=1590 ok=1

Quitting shader compiler process
